0 info it worked if it ends with ok
1 verbose cli [ '/usr/bin/node', '/usr/bin/npm', 'install' ]
2 info using npm@1.4.28
3 info using node@v0.10.37
4 verbose node symlink /usr/bin/node
5 warn package.json piper@ No repository field.
6 verbose readDependencies using package.json deps
7 verbose install where, deps [ '/home/tmillwardwright/mwri_git/piper_browserify',
7 verbose install   [ 'browserify',
7 verbose install     'browserify-incremental',
7 verbose install     'reactify',
7 verbose install     'react',
7 verbose install     'react-tools',
7 verbose install     'react-dnd' ] ]
8 info preinstall piper@
9 verbose readDependencies using package.json deps
10 verbose already installed skipping browserify@~>6.3 /home/tmillwardwright/mwri_git/piper_browserify
11 verbose already installed skipping browserify-incremental@^1.4.0 /home/tmillwardwright/mwri_git/piper_browserify
12 verbose already installed skipping reactify@^0.17.1 /home/tmillwardwright/mwri_git/piper_browserify
13 verbose already installed skipping react@^0.13.3 /home/tmillwardwright/mwri_git/piper_browserify
14 verbose cache add [ 'react-tools@^0.13.3', null ]
15 verbose cache add name=undefined spec="react-tools@^0.13.3" args=["react-tools@^0.13.3",null]
16 verbose parsed url { protocol: null,
16 verbose parsed url   slashes: null,
16 verbose parsed url   auth: null,
16 verbose parsed url   host: null,
16 verbose parsed url   port: null,
16 verbose parsed url   hostname: null,
16 verbose parsed url   hash: null,
16 verbose parsed url   search: null,
16 verbose parsed url   query: null,
16 verbose parsed url   pathname: 'react-tools@^0.13.3',
16 verbose parsed url   path: 'react-tools@^0.13.3',
16 verbose parsed url   href: 'react-tools@^0.13.3' }
17 verbose already installed skipping react-dnd@1.1.3 /home/tmillwardwright/mwri_git/piper_browserify
18 verbose cache add name="react-tools" spec="^0.13.3" args=["react-tools","^0.13.3"]
19 verbose parsed url { protocol: null,
19 verbose parsed url   slashes: null,
19 verbose parsed url   auth: null,
19 verbose parsed url   host: null,
19 verbose parsed url   port: null,
19 verbose parsed url   hostname: null,
19 verbose parsed url   hash: null,
19 verbose parsed url   search: null,
19 verbose parsed url   query: null,
19 verbose parsed url   pathname: '^0.13.3',
19 verbose parsed url   path: '^0.13.3',
19 verbose parsed url   href: '^0.13.3' }
20 verbose addNamed [ 'react-tools', '^0.13.3' ]
21 verbose addNamed [ null, '>=0.13.3-0 <0.14.0-0' ]
22 silly lockFile 39a69506-react-tools-0-13-3 react-tools@^0.13.3
23 verbose lock react-tools@^0.13.3 /home/tmillwardwright/.npm/39a69506-react-tools-0-13-3.lock
24 silly addNameRange { name: 'react-tools',
24 silly addNameRange   range: '>=0.13.3-0 <0.14.0-0',
24 silly addNameRange   hasData: false }
25 verbose request where is /react-tools
26 verbose request registry https://registry.npmjs.org/
27 verbose request id 002960c57b116b26
28 verbose url raw /react-tools
29 verbose url resolving [ 'https://registry.npmjs.org/', './react-tools' ]
30 verbose url resolved https://registry.npmjs.org/react-tools
31 verbose request where is https://registry.npmjs.org/react-tools
32 info trying registry request attempt 1 at 17:30:14
33 verbose etag "16KJK3HEXIU7DDN2BVOBEBS5W"
34 http GET https://registry.npmjs.org/react-tools
35 info retry will retry, error on last attempt: Error: tunneling socket could not be established, cause=140202189985664:error:140770FC:SSL routines:SSL23_GET_SERVER_HELLO:unknown protocol:../deps/openssl/openssl/ssl/s23_clnt.c:795:
36 info trying registry request attempt 2 at 17:30:24
37 verbose etag "16KJK3HEXIU7DDN2BVOBEBS5W"
38 http GET https://registry.npmjs.org/react-tools
39 info retry will retry, error on last attempt: Error: tunneling socket could not be established, cause=140202189985664:error:140770FC:SSL routines:SSL23_GET_SERVER_HELLO:unknown protocol:../deps/openssl/openssl/ssl/s23_clnt.c:795:
40 info trying registry request attempt 3 at 17:31:24
41 verbose etag "16KJK3HEXIU7DDN2BVOBEBS5W"
42 http GET https://registry.npmjs.org/react-tools
43 silly registry.get cb [ 304, undefined ]
44 verbose etag https://registry.npmjs.org/react-tools from cache
45 silly addNameRange number 2 { name: 'react-tools',
45 silly addNameRange   range: '>=0.13.3-0 <0.14.0-0',
45 silly addNameRange   hasData: true }
46 silly addNameRange versions [ 'react-tools',
46 silly addNameRange   [ '0.3.0',
46 silly addNameRange     '0.3.1',
46 silly addNameRange     '0.3.2',
46 silly addNameRange     '0.3.3',
46 silly addNameRange     '0.4.0',
46 silly addNameRange     '0.4.1',
46 silly addNameRange     '0.5.0',
46 silly addNameRange     '0.5.1',
46 silly addNameRange     '0.4.2',
46 silly addNameRange     '0.5.2',
46 silly addNameRange     '0.8.0',
46 silly addNameRange     '0.9.0-rc1',
46 silly addNameRange     '0.9.0',
46 silly addNameRange     '0.10.0-rc1',
46 silly addNameRange     '0.10.0',
46 silly addNameRange     '0.11.0-rc1',
46 silly addNameRange     '0.11.0',
46 silly addNameRange     '0.11.1',
46 silly addNameRange     '0.11.2',
46 silly addNameRange     '0.12.0-rc1',
46 silly addNameRange     '0.12.0',
46 silly addNameRange     '0.12.1',
46 silly addNameRange     '0.12.2',
46 silly addNameRange     '0.13.0-alpha.1',
46 silly addNameRange     '0.13.0-alpha.2',
46 silly addNameRange     '0.13.0-beta.1',
46 silly addNameRange     '0.13.0-beta.2',
46 silly addNameRange     '0.13.0-rc1',
46 silly addNameRange     '0.13.0-rc2',
46 silly addNameRange     '0.13.0',
46 silly addNameRange     '0.13.1',
46 silly addNameRange     '0.13.2',
46 silly addNameRange     '0.13.3',
46 silly addNameRange     '0.14.0-alpha1',
46 silly addNameRange     '0.14.0-alpha2',
46 silly addNameRange     '0.14.0-alpha3' ] ]
47 verbose addNamed [ 'react-tools', '0.13.3' ]
48 verbose addNamed [ '0.13.3', '0.13.3' ]
49 silly lockFile a003229d-react-tools-0-13-3 react-tools@0.13.3
50 verbose lock react-tools@0.13.3 /home/tmillwardwright/.npm/a003229d-react-tools-0-13-3.lock
51 silly lockFile b21d5d8e-act-tools-react-tools-0-13-3-tgz https://registry.npmjs.org/react-tools/-/react-tools-0.13.3.tgz
52 verbose lock https://registry.npmjs.org/react-tools/-/react-tools-0.13.3.tgz /home/tmillwardwright/.npm/b21d5d8e-act-tools-react-tools-0-13-3-tgz.lock
53 verbose addRemoteTarball [ 'https://registry.npmjs.org/react-tools/-/react-tools-0.13.3.tgz',
53 verbose addRemoteTarball   'da6ac7d4d7777a59a5e951cf46e72fd4b6b40a2c' ]
54 info retry fetch attempt 1 at 17:31:25
55 verbose fetch to= /tmp/npm-12533-cEP2Euwl/registry.npmjs.org/react-tools/-/react-tools-0.13.3.tgz
56 http GET https://registry.npmjs.org/react-tools/-/react-tools-0.13.3.tgz
57 error fetch failed https://registry.npmjs.org/react-tools/-/react-tools-0.13.3.tgz
58 info retry will retry, error on last attempt: Error: tunneling socket could not be established, cause=140202189985664:error:140770FC:SSL routines:SSL23_GET_SERVER_HELLO:unknown protocol:../deps/openssl/openssl/ssl/s23_clnt.c:795:
59 info retry fetch attempt 2 at 17:31:35
60 verbose fetch to= /tmp/npm-12533-cEP2Euwl/registry.npmjs.org/react-tools/-/react-tools-0.13.3.tgz
61 http GET https://registry.npmjs.org/react-tools/-/react-tools-0.13.3.tgz
62 error fetch failed https://registry.npmjs.org/react-tools/-/react-tools-0.13.3.tgz
63 info retry will retry, error on last attempt: Error: tunneling socket could not be established, cause=140202189985664:error:140770FC:SSL routines:SSL23_GET_SERVER_HELLO:unknown protocol:../deps/openssl/openssl/ssl/s23_clnt.c:795:
64 info retry fetch attempt 3 at 17:32:35
65 verbose fetch to= /tmp/npm-12533-cEP2Euwl/registry.npmjs.org/react-tools/-/react-tools-0.13.3.tgz
66 http GET https://registry.npmjs.org/react-tools/-/react-tools-0.13.3.tgz
67 error fetch failed https://registry.npmjs.org/react-tools/-/react-tools-0.13.3.tgz
68 silly lockFile b21d5d8e-act-tools-react-tools-0-13-3-tgz https://registry.npmjs.org/react-tools/-/react-tools-0.13.3.tgz
69 silly lockFile b21d5d8e-act-tools-react-tools-0-13-3-tgz https://registry.npmjs.org/react-tools/-/react-tools-0.13.3.tgz
70 silly lockFile a003229d-react-tools-0-13-3 react-tools@0.13.3
71 silly lockFile a003229d-react-tools-0-13-3 react-tools@0.13.3
72 silly lockFile 39a69506-react-tools-0-13-3 react-tools@^0.13.3
73 silly lockFile 39a69506-react-tools-0-13-3 react-tools@^0.13.3
74 error network tunneling socket could not be established, cause=140202189985664:error:140770FC:SSL routines:SSL23_GET_SERVER_HELLO:unknown protocol:../deps/openssl/openssl/ssl/s23_clnt.c:795:
74 error network
74 error network This is most likely not a problem with npm itself
74 error network and is related to network connectivity.
74 error network In most cases you are behind a proxy or have bad network settings.
74 error network
74 error network If you are behind a proxy, please make sure that the
74 error network 'proxy' config is set properly.  See: 'npm help config'
75 error System Linux 3.13.0-52-generic
76 error command "/usr/bin/node" "/usr/bin/npm" "install"
77 error cwd /home/tmillwardwright/mwri_git/piper_browserify
78 error node -v v0.10.37
79 error npm -v 1.4.28
80 error code ECONNRESET
81 verbose exit [ 1, true ]
